

*******************************************************************************
Tue Oct 15 19:41:27 2024


FIT:    data read from 'act_output.txt' using 1:2
        format = x:z
        #datapoints = 19
        residuals are weighted equally (unit weight)

function used for fitting: f(x)
	f(x) = a*x**2 + b*x + c
fitted parameters initialized with current variable values

iter      chisq       delta/lim  lambda   a             b             c            
   0 2.2932794450e+32   0.00e+00  2.01e+15    1.000000e+00   1.000000e+00   1.000000e+00
   4 2.3385960292e+15  -2.76e-01  2.01e+11   -1.169918e-08   1.000000e+00   1.000000e+00

After 4 iterations the fit converged.
final sum of squares of residuals : 2.3386e+15
rel. change during last iteration : -2.76169e-06

degrees of freedom    (FIT_NDF)                        : 16
rms of residuals      (FIT_STDFIT) = sqrt(WSSR/ndf)    : 1.20898e+07
variance of residuals (reduced chisquare) = WSSR/ndf   : 1.46162e+14

Final set of parameters            Asymptotic Standard Error
=======================            ==========================
a               = -1.16992e-08     +/- 3.388e-09    (28.96%)
b               = 1                +/- 0.3075       (30.75%)
c               = 1                +/- 3.969e+06    (3.969e+08%)

correlation matrix of the fit parameters:
                a      b      c      
a               1.000 
b              -0.962  1.000 
c               0.446 -0.582  1.000 


*******************************************************************************
Tue Oct 15 19:43:51 2024


FIT:    data read from 'act_output.txt' using 1:2
        format = x:z
        #datapoints = 19
        residuals are weighted equally (unit weight)

function used for fitting: f(x)
	f(x) = a*x**2 + b*x + c
fitted parameters initialized with current variable values

iter      chisq       delta/lim  lambda   a             b             c            
   0 2.3385960292e+15   0.00e+00  3.38e+07   -1.169918e-08   1.000000e+00   1.000000e+00
   5 1.1884202212e+03  -7.73e-06  3.38e+02    1.204508e-13  -8.402778e-07   1.000000e+00

After 5 iterations the fit converged.
final sum of squares of residuals : 1188.42
rel. change during last iteration : -7.72547e-11

degrees of freedom    (FIT_NDF)                        : 16
rms of residuals      (FIT_STDFIT) = sqrt(WSSR/ndf)    : 8.61837
variance of residuals (reduced chisquare) = WSSR/ndf   : 74.2763

Final set of parameters            Asymptotic Standard Error
=======================            ==========================
a               = 1.20451e-13      +/- 2.415e-15    (2.005%)
b               = -8.40278e-07     +/- 2.192e-07    (26.09%)
c               = 1                +/- 2.829        (282.9%)

correlation matrix of the fit parameters:
                a      b      c      
a               1.000 
b              -0.962  1.000 
c               0.446 -0.582  1.000 


*******************************************************************************
Tue Oct 15 19:46:45 2024


FIT:    data read from 'act_output.txt' using 1:2
        format = x:z
        #datapoints = 19
        residuals are weighted equally (unit weight)

function used for fitting: f(x)
	f(x) = a*x**2 + b*x + c
fitted parameters initialized with current variable values

iter      chisq       delta/lim  lambda   a             b             c            
   0 1.1884202212e+03   0.00e+00  2.42e+02    1.204508e-13  -8.402778e-07   1.000000e+00
   1 1.1884202035e+03  -1.49e-03  2.42e+01    1.204508e-13  -8.402779e-07   1.000012e+00

After 1 iterations the fit converged.
final sum of squares of residuals : 1188.42
rel. change during last iteration : -1.49172e-08

degrees of freedom    (FIT_NDF)                        : 16
rms of residuals      (FIT_STDFIT) = sqrt(WSSR/ndf)    : 8.61837
variance of residuals (reduced chisquare) = WSSR/ndf   : 74.2763

Final set of parameters            Asymptotic Standard Error
=======================            ==========================
a               = 1.20451e-13      +/- 2.415e-15    (2.005%)
b               = -8.40278e-07     +/- 2.192e-07    (26.09%)
c               = 1.00001          +/- 2.829        (282.9%)

correlation matrix of the fit parameters:
                a      b      c      
a               1.000 
b              -0.962  1.000 
c               0.446 -0.582  1.000 
